<?xml version="1.0" encoding="UTF-8"?>
<!-- Generated by org.testng.reporters.JUnitXMLReporter -->
<testsuite ignored="0" hostname="DESKTOP-77JFD19" failures="0" tests="3" name="Submit Order Test" time="56.541" errors="0" timestamp="2024-09-21T11:57:51 IST">
  <testcase classname="rahulshettyacademy.test.SubmitOrderTest" name="submitOrder" time="15.19"/>
  <testcase classname="rahulshettyacademy.test.SubmitOrderTest" name="submitOrder" time="14.28"/>
  <testcase classname="rahulshettyacademy.test.SubmitOrderTest" name="orderHistoryTest" time="10.601"/>
</testsuite> <!-- Submit Order Test -->
