<?xml version="1.0" encoding="UTF-8"?>
<!-- Generated by org.testng.reporters.JUnitXMLReporter -->
<testsuite ignored="0" hostname="DESKTOP-77JFD19" failures="1" tests="3" name="Error Validation Test" time="38.471" errors="0" timestamp="2024-09-26T08:10:12 IST">
  <testcase classname="rahulshettyacademy.test.ErrorValidationTest" name="loginErrorValidaton" time="3.278">
    <skipped/>
  </testcase> <!-- loginErrorValidaton -->
  <testcase classname="rahulshettyacademy.test.ErrorValidationTest" name="loginErrorValidaton" time="1.014">
    <failure type="java.lang.AssertionError" message="expected [Incorrect email or password.] but found [Incorrect email  password.]">
      <![CDATA[java.lang.AssertionError: expected [Incorrect email or password.] but found [Incorrect email  password.]
at rahulshettyacademy.test.ErrorValidationTest.loginErrorValidaton(ErrorValidationTest.java:36)
at java.base/java.util.ArrayList.forEach(ArrayList.java:1596)
at java.base/java.util.concurrent.FutureTask.run(FutureTask.java:317)
at java.base/java.util.concurrent.ThreadPoolExecutor.runWorker(ThreadPoolExecutor.java:1144)
at java.base/java.util.concurrent.ThreadPoolExecutor$Worker.run(ThreadPoolExecutor.java:642)
at java.base/java.lang.Thread.run(Thread.java:1583)
... Removed 21 stack frames]]>
    </failure>
  </testcase> <!-- loginErrorValidaton -->
  <testcase classname="rahulshettyacademy.test.ErrorValidationTest" name="productErrorValidation" time="13.784"/>
</testsuite> <!-- Error Validation Test -->
